[0.009s] Invoking command in '/home/om/ardu_ws/build/opencv': CMAKE_PREFIX_PATH=${CMAKE_PREFIX_PATH}:/home/om/ws_moveit2/install/sdformat_tools:/opt/ros/humble /usr/bin/cmake --build /home/om/ardu_ws/build/opencv -- -j16 -l16
[0.042s] [35m[1mConsolidate compiler generated dependencies of target minimal_opencv_ros2_node[0m
[0.058s] [ 50%] [32mBuilding CXX object CMakeFiles/minimal_opencv_ros2_node.dir/src/minimal_opencv_ros2_node.cpp.o[0m
[5.221s] [100%] [32m[1mLinking CXX executable minimal_opencv_ros2_node[0m
[5.595s] [100%] Built target minimal_opencv_ros2_node
[5.606s] Invoked command in '/home/om/ardu_ws/build/opencv' returned '0': CMAKE_PREFIX_PATH=${CMAKE_PREFIX_PATH}:/home/om/ws_moveit2/install/sdformat_tools:/opt/ros/humble /usr/bin/cmake --build /home/om/ardu_ws/build/opencv -- -j16 -l16
[5.615s] Invoking command in '/home/om/ardu_ws/build/opencv': CMAKE_PREFIX_PATH=${CMAKE_PREFIX_PATH}:/home/om/ws_moveit2/install/sdformat_tools:/opt/ros/humble /usr/bin/cmake --install /home/om/ardu_ws/build/opencv
[5.622s] -- Install configuration: ""
[5.622s] -- Installing: /home/om/ardu_ws/install/opencv/lib/opencv/minimal_opencv_ros2_node
[5.623s] -- Set runtime path of "/home/om/ardu_ws/install/opencv/lib/opencv/minimal_opencv_ros2_node" to ""
[5.623s] -- Up-to-date: /home/om/ardu_ws/install/opencv/share/ament_index/resource_index/package_run_dependencies/opencv
[5.623s] -- Up-to-date: /home/om/ardu_ws/install/opencv/share/ament_index/resource_index/parent_prefix_path/opencv
[5.623s] -- Up-to-date: /home/om/ardu_ws/install/opencv/share/opencv/environment/ament_prefix_path.sh
[5.623s] -- Up-to-date: /home/om/ardu_ws/install/opencv/share/opencv/environment/ament_prefix_path.dsv
[5.623s] -- Up-to-date: /home/om/ardu_ws/install/opencv/share/opencv/environment/path.sh
[5.623s] -- Up-to-date: /home/om/ardu_ws/install/opencv/share/opencv/environment/path.dsv
[5.623s] -- Up-to-date: /home/om/ardu_ws/install/opencv/share/opencv/local_setup.bash
[5.623s] -- Up-to-date: /home/om/ardu_ws/install/opencv/share/opencv/local_setup.sh
[5.624s] -- Up-to-date: /home/om/ardu_ws/install/opencv/share/opencv/local_setup.zsh
[5.624s] -- Up-to-date: /home/om/ardu_ws/install/opencv/share/opencv/local_setup.dsv
[5.624s] -- Installing: /home/om/ardu_ws/install/opencv/share/opencv/package.dsv
[5.624s] -- Up-to-date: /home/om/ardu_ws/install/opencv/share/ament_index/resource_index/packages/opencv
[5.624s] -- Up-to-date: /home/om/ardu_ws/install/opencv/share/opencv/cmake/opencvConfig.cmake
[5.624s] -- Up-to-date: /home/om/ardu_ws/install/opencv/share/opencv/cmake/opencvConfig-version.cmake
[5.624s] -- Up-to-date: /home/om/ardu_ws/install/opencv/share/opencv/package.xml
[5.626s] Invoked command in '/home/om/ardu_ws/build/opencv' returned '0': CMAKE_PREFIX_PATH=${CMAKE_PREFIX_PATH}:/home/om/ws_moveit2/install/sdformat_tools:/opt/ros/humble /usr/bin/cmake --install /home/om/ardu_ws/build/opencv
