[0.008s] Invoking command in '/home/om/ardu_ws/build/opencv': CMAKE_PREFIX_PATH=${CMAKE_PREFIX_PATH}:/home/om/ws_moveit2/install/sdformat_tools:/opt/ros/humble /usr/bin/cmake /home/om/ardu_ws/src/opencv -DCMAKE_INSTALL_PREFIX=/home/om/ardu_ws/install/opencv
[0.110s] -- The C compiler identification is GNU 11.4.0
[0.199s] -- The CXX compiler identification is GNU 11.4.0
[0.210s] -- Detecting C compiler ABI info
[0.277s] -- Detecting C compiler ABI info - done
[0.282s] -- Check for working C compiler: /usr/lib/ccache/cc - skipped
[0.282s] -- Detecting C compile features
[0.283s] -- Detecting C compile features - done
[0.286s] -- Detecting CXX compiler ABI info
[0.360s] -- Detecting CXX compiler ABI info - done
[0.364s] -- Check for working CXX compiler: /usr/lib/ccache/c++ - skipped
[0.365s] -- Detecting CXX compile features
[0.365s] -- Detecting CXX compile features - done
[0.369s] -- Found ament_cmake: 1.3.11 (/opt/ros/humble/share/ament_cmake/cmake)
[0.633s] -- Found Python3: /usr/bin/python3 (found version "3.10.12") found components: Interpreter 
[0.720s] -- Found rclcpp: 16.0.11 (/opt/ros/humble/share/rclcpp/cmake)
[0.768s] -- Found rosidl_generator_c: 3.1.6 (/opt/ros/humble/share/rosidl_generator_c/cmake)
[0.774s] -- Found rosidl_adapter: 3.1.6 (/opt/ros/humble/share/rosidl_adapter/cmake)
[0.782s] -- Found rosidl_generator_cpp: 3.1.6 (/opt/ros/humble/share/rosidl_generator_cpp/cmake)
[0.795s] -- Using all available rosidl_typesupport_c: rosidl_typesupport_fastrtps_c;rosidl_typesupport_introspection_c
[0.811s] -- Using all available rosidl_typesupport_cpp: rosidl_typesupport_fastrtps_cpp;rosidl_typesupport_introspection_cpp
[0.854s] -- Found rmw_implementation_cmake: 6.1.2 (/opt/ros/humble/share/rmw_implementation_cmake/cmake)
[0.857s] -- Found rmw_fastrtps_cpp: 6.2.7 (/opt/ros/humble/share/rmw_fastrtps_cpp/cmake)
[0.941s] -- Found OpenSSL: /usr/lib/x86_64-linux-gnu/libcrypto.so (found version "3.0.2")  
[0.966s] -- Found FastRTPS: /opt/ros/humble/include  
[1.002s] -- Using RMW implementation 'rmw_fastrtps_cpp' as default
[1.012s] -- Looking for pthread.h
[1.085s] -- Looking for pthread.h - found
[1.085s] -- Performing Test CMAKE_HAVE_LIBC_PTHREAD
[1.157s] -- Performing Test CMAKE_HAVE_LIBC_PTHREAD - Success
[1.158s] -- Found Threads: TRUE  
[1.205s] -- Found sensor_msgs: 4.2.4 (/opt/ros/humble/share/sensor_msgs/cmake)
[1.231s] -- Found cv_bridge: 3.2.1 (/opt/ros/humble/share/cv_bridge/cmake)
[1.243s] -- Found image_transport: 3.1.10 (/opt/ros/humble/share/image_transport/cmake)
[1.279s] -- Found OpenCV: /usr (found version "4.5.4") 
[1.281s] -- Found ament_lint_auto: 0.12.11 (/opt/ros/humble/share/ament_lint_auto/cmake)
[1.346s] -- Added test 'cppcheck' to perform static code analysis on C / C++ code
[1.346s] -- Configured cppcheck include dirs: 
[1.346s] -- Configured cppcheck exclude dirs and/or files: 
[1.346s] -- Added test 'lint_cmake' to check CMake code style
[1.348s] -- Added test 'uncrustify' to check C / C++ code style
[1.348s] -- Configured uncrustify additional arguments: 
[1.348s] -- Added test 'xmllint' to check XML markup files
[1.349s] -- Configuring done
[1.354s] -- Generating done
[1.355s] -- Build files have been written to: /home/om/ardu_ws/build/opencv
[1.363s] Invoked command in '/home/om/ardu_ws/build/opencv' returned '0': CMAKE_PREFIX_PATH=${CMAKE_PREFIX_PATH}:/home/om/ws_moveit2/install/sdformat_tools:/opt/ros/humble /usr/bin/cmake /home/om/ardu_ws/src/opencv -DCMAKE_INSTALL_PREFIX=/home/om/ardu_ws/install/opencv
[1.364s] Invoking command in '/home/om/ardu_ws/build/opencv': CMAKE_PREFIX_PATH=${CMAKE_PREFIX_PATH}:/home/om/ws_moveit2/install/sdformat_tools:/opt/ros/humble /usr/bin/cmake --build /home/om/ardu_ws/build/opencv -- -j16 -l16
[1.397s] Invoked command in '/home/om/ardu_ws/build/opencv' returned '0': CMAKE_PREFIX_PATH=${CMAKE_PREFIX_PATH}:/home/om/ws_moveit2/install/sdformat_tools:/opt/ros/humble /usr/bin/cmake --build /home/om/ardu_ws/build/opencv -- -j16 -l16
[1.404s] Invoking command in '/home/om/ardu_ws/build/opencv': CMAKE_PREFIX_PATH=${CMAKE_PREFIX_PATH}:/home/om/ws_moveit2/install/sdformat_tools:/opt/ros/humble /usr/bin/cmake --install /home/om/ardu_ws/build/opencv
[1.410s] -- Install configuration: ""
[1.410s] -- Installing: /home/om/ardu_ws/install/opencv/share/ament_index/resource_index/package_run_dependencies/opencv
[1.410s] -- Installing: /home/om/ardu_ws/install/opencv/share/ament_index/resource_index/parent_prefix_path/opencv
[1.410s] -- Installing: /home/om/ardu_ws/install/opencv/share/opencv/environment/ament_prefix_path.sh
[1.410s] -- Installing: /home/om/ardu_ws/install/opencv/share/opencv/environment/ament_prefix_path.dsv
[1.410s] -- Installing: /home/om/ardu_ws/install/opencv/share/opencv/environment/path.sh
[1.410s] -- Installing: /home/om/ardu_ws/install/opencv/share/opencv/environment/path.dsv
[1.411s] -- Installing: /home/om/ardu_ws/install/opencv/share/opencv/local_setup.bash
[1.411s] -- Installing: /home/om/ardu_ws/install/opencv/share/opencv/local_setup.sh
[1.411s] -- Installing: /home/om/ardu_ws/install/opencv/share/opencv/local_setup.zsh
[1.411s] -- Installing: /home/om/ardu_ws/install/opencv/share/opencv/local_setup.dsv
[1.411s] -- Installing: /home/om/ardu_ws/install/opencv/share/opencv/package.dsv
[1.411s] -- Installing: /home/om/ardu_ws/install/opencv/share/ament_index/resource_index/packages/opencv
[1.412s] -- Installing: /home/om/ardu_ws/install/opencv/share/opencv/cmake/opencvConfig.cmake
[1.412s] -- Installing: /home/om/ardu_ws/install/opencv/share/opencv/cmake/opencvConfig-version.cmake
[1.412s] -- Installing: /home/om/ardu_ws/install/opencv/share/opencv/package.xml
[1.413s] Invoked command in '/home/om/ardu_ws/build/opencv' returned '0': CMAKE_PREFIX_PATH=${CMAKE_PREFIX_PATH}:/home/om/ws_moveit2/install/sdformat_tools:/opt/ros/humble /usr/bin/cmake --install /home/om/ardu_ws/build/opencv
