-- Found ament_cmake: 1.3.11 (/opt/ros/humble/share/ament_cmake/cmake)
-- Found rclcpp: 16.0.11 (/opt/ros/humble/share/rclcpp/cmake)
-- Found rosidl_generator_c: 3.1.6 (/opt/ros/humble/share/rosidl_generator_c/cmake)
-- Found rosidl_adapter: 3.1.6 (/opt/ros/humble/share/rosidl_adapter/cmake)
-- Found rosidl_generator_cpp: 3.1.6 (/opt/ros/humble/share/rosidl_generator_cpp/cmake)
-- Using all available rosidl_typesupport_c: rosidl_typesupport_fastrtps_c;rosidl_typesupport_introspection_c
-- Using all available rosidl_typesupport_cpp: rosidl_typesupport_fastrtps_cpp;rosidl_typesupport_introspection_cpp
-- Found rmw_implementation_cmake: 6.1.2 (/opt/ros/humble/share/rmw_implementation_cmake/cmake)
-- Found rmw_fastrtps_cpp: 6.2.7 (/opt/ros/humble/share/rmw_fastrtps_cpp/cmake)
-- Using RMW implementation 'rmw_fastrtps_cpp' as default
-- Found sensor_msgs: 4.2.4 (/opt/ros/humble/share/sensor_msgs/cmake)
-- Found cv_bridge: 3.2.1 (/opt/ros/humble/share/cv_bridge/cmake)
-- Found image_transport: 3.1.10 (/opt/ros/humble/share/image_transport/cmake)
-- Found ament_lint_auto: 0.12.11 (/opt/ros/humble/share/ament_lint_auto/cmake)
-- Added test 'cppcheck' to perform static code analysis on C / C++ code
-- Configured cppcheck include dirs: 
-- Configured cppcheck exclude dirs and/or files: 
-- Added test 'lint_cmake' to check CMake code style
-- Added test 'uncrustify' to check C / C++ code style
-- Configured uncrustify additional arguments: 
-- Added test 'xmllint' to check XML markup files
-- Configuring done
-- Generating done
-- Build files have been written to: /home/om/ardu_ws/build/opencv
[ 50%] [32mBuilding CXX object CMakeFiles/minimal_opencv_ros2_node.dir/src/minimal_opencv_ros2_node.cpp.o[0m
[100%] [32m[1mLinking CXX executable minimal_opencv_ros2_node[0m
[100%] Built target minimal_opencv_ros2_node
-- Install configuration: ""
-- Installing: /home/om/ardu_ws/install/opencv/lib/opencv/minimal_opencv_ros2_node
-- Set runtime path of "/home/om/ardu_ws/install/opencv/lib/opencv/minimal_opencv_ros2_node" to ""
-- Up-to-date: /home/om/ardu_ws/install/opencv/share/ament_index/resource_index/package_run_dependencies/opencv
-- Installing: /home/om/ardu_ws/install/opencv/share/ament_index/resource_index/parent_prefix_path/opencv
-- Up-to-date: /home/om/ardu_ws/install/opencv/share/opencv/environment/ament_prefix_path.sh
-- Installing: /home/om/ardu_ws/install/opencv/share/opencv/environment/ament_prefix_path.dsv
-- Up-to-date: /home/om/ardu_ws/install/opencv/share/opencv/environment/path.sh
-- Installing: /home/om/ardu_ws/install/opencv/share/opencv/environment/path.dsv
-- Up-to-date: /home/om/ardu_ws/install/opencv/share/opencv/local_setup.bash
-- Up-to-date: /home/om/ardu_ws/install/opencv/share/opencv/local_setup.sh
-- Up-to-date: /home/om/ardu_ws/install/opencv/share/opencv/local_setup.zsh
-- Installing: /home/om/ardu_ws/install/opencv/share/opencv/local_setup.dsv
-- Installing: /home/om/ardu_ws/install/opencv/share/opencv/package.dsv
-- Up-to-date: /home/om/ardu_ws/install/opencv/share/ament_index/resource_index/packages/opencv
-- Up-to-date: /home/om/ardu_ws/install/opencv/share/opencv/cmake/opencvConfig.cmake
-- Up-to-date: /home/om/ardu_ws/install/opencv/share/opencv/cmake/opencvConfig-version.cmake
-- Up-to-date: /home/om/ardu_ws/install/opencv/share/opencv/package.xml
