[0.009s] Invoking command in '/home/om/ardu_ws/build/opencv': CMAKE_PREFIX_PATH=${CMAKE_PREFIX_PATH}:/home/om/ws_moveit2/install/sdformat_tools:/opt/ros/humble /usr/bin/cmake --build /home/om/ardu_ws/build/opencv -- -j16 -l16
[0.029s] -- Found ament_cmake: 1.3.11 (/opt/ros/humble/share/ament_cmake/cmake)
[0.126s] -- Found rclcpp: 16.0.11 (/opt/ros/humble/share/rclcpp/cmake)
[0.148s] -- Found rosidl_generator_c: 3.1.6 (/opt/ros/humble/share/rosidl_generator_c/cmake)
[0.150s] -- Found rosidl_adapter: 3.1.6 (/opt/ros/humble/share/rosidl_adapter/cmake)
[0.154s] -- Found rosidl_generator_cpp: 3.1.6 (/opt/ros/humble/share/rosidl_generator_cpp/cmake)
[0.160s] -- Using all available rosidl_typesupport_c: rosidl_typesupport_fastrtps_c;rosidl_typesupport_introspection_c
[0.169s] -- Using all available rosidl_typesupport_cpp: rosidl_typesupport_fastrtps_cpp;rosidl_typesupport_introspection_cpp
[0.190s] -- Found rmw_implementation_cmake: 6.1.2 (/opt/ros/humble/share/rmw_implementation_cmake/cmake)
[0.191s] -- Found rmw_fastrtps_cpp: 6.2.7 (/opt/ros/humble/share/rmw_fastrtps_cpp/cmake)
[0.280s] -- Using RMW implementation 'rmw_fastrtps_cpp' as default
[0.313s] -- Found sensor_msgs: 4.2.4 (/opt/ros/humble/share/sensor_msgs/cmake)
[0.335s] -- Found cv_bridge: 3.2.1 (/opt/ros/humble/share/cv_bridge/cmake)
[0.341s] -- Found image_transport: 3.1.10 (/opt/ros/humble/share/image_transport/cmake)
[0.362s] -- Found ament_lint_auto: 0.12.11 (/opt/ros/humble/share/ament_lint_auto/cmake)
[0.415s] -- Added test 'cppcheck' to perform static code analysis on C / C++ code
[0.415s] -- Configured cppcheck include dirs: 
[0.415s] -- Configured cppcheck exclude dirs and/or files: 
[0.415s] -- Added test 'lint_cmake' to check CMake code style
[0.416s] -- Added test 'uncrustify' to check C / C++ code style
[0.416s] -- Configured uncrustify additional arguments: 
[0.416s] -- Added test 'xmllint' to check XML markup files
[0.417s] -- Configuring done
[0.428s] -- Generating done
[0.432s] -- Build files have been written to: /home/om/ardu_ws/build/opencv
[0.461s] [ 50%] [32mBuilding CXX object CMakeFiles/minimal_opencv_ros2_node.dir/src/minimal_opencv_ros2_node.cpp.o[0m
[5.314s] [100%] [32m[1mLinking CXX executable minimal_opencv_ros2_node[0m
[5.759s] [100%] Built target minimal_opencv_ros2_node
[5.769s] Invoked command in '/home/om/ardu_ws/build/opencv' returned '0': CMAKE_PREFIX_PATH=${CMAKE_PREFIX_PATH}:/home/om/ws_moveit2/install/sdformat_tools:/opt/ros/humble /usr/bin/cmake --build /home/om/ardu_ws/build/opencv -- -j16 -l16
[5.777s] Invoking command in '/home/om/ardu_ws/build/opencv': CMAKE_PREFIX_PATH=${CMAKE_PREFIX_PATH}:/home/om/ws_moveit2/install/sdformat_tools:/opt/ros/humble /usr/bin/cmake --install /home/om/ardu_ws/build/opencv
[5.783s] -- Install configuration: ""
[5.783s] -- Installing: /home/om/ardu_ws/install/opencv/lib/opencv/minimal_opencv_ros2_node
[5.784s] -- Set runtime path of "/home/om/ardu_ws/install/opencv/lib/opencv/minimal_opencv_ros2_node" to ""
[5.784s] -- Up-to-date: /home/om/ardu_ws/install/opencv/share/ament_index/resource_index/package_run_dependencies/opencv
[5.784s] -- Installing: /home/om/ardu_ws/install/opencv/share/ament_index/resource_index/parent_prefix_path/opencv
[5.784s] -- Up-to-date: /home/om/ardu_ws/install/opencv/share/opencv/environment/ament_prefix_path.sh
[5.784s] -- Installing: /home/om/ardu_ws/install/opencv/share/opencv/environment/ament_prefix_path.dsv
[5.784s] -- Up-to-date: /home/om/ardu_ws/install/opencv/share/opencv/environment/path.sh
[5.784s] -- Installing: /home/om/ardu_ws/install/opencv/share/opencv/environment/path.dsv
[5.784s] -- Up-to-date: /home/om/ardu_ws/install/opencv/share/opencv/local_setup.bash
[5.785s] -- Up-to-date: /home/om/ardu_ws/install/opencv/share/opencv/local_setup.sh
[5.785s] -- Up-to-date: /home/om/ardu_ws/install/opencv/share/opencv/local_setup.zsh
[5.785s] -- Installing: /home/om/ardu_ws/install/opencv/share/opencv/local_setup.dsv
[5.785s] -- Installing: /home/om/ardu_ws/install/opencv/share/opencv/package.dsv
[5.785s] -- Up-to-date: /home/om/ardu_ws/install/opencv/share/ament_index/resource_index/packages/opencv
[5.785s] -- Up-to-date: /home/om/ardu_ws/install/opencv/share/opencv/cmake/opencvConfig.cmake
[5.785s] -- Up-to-date: /home/om/ardu_ws/install/opencv/share/opencv/cmake/opencvConfig-version.cmake
[5.785s] -- Up-to-date: /home/om/ardu_ws/install/opencv/share/opencv/package.xml
[5.786s] Invoked command in '/home/om/ardu_ws/build/opencv' returned '0': CMAKE_PREFIX_PATH=${CMAKE_PREFIX_PATH}:/home/om/ws_moveit2/install/sdformat_tools:/opt/ros/humble /usr/bin/cmake --install /home/om/ardu_ws/build/opencv
