[0.096s] DEBUG:colcon:Command line arguments: ['/usr/bin/colcon', 'build']
[0.096s] DEBUG:colcon:Parsed command line arguments: Namespace(log_base=None, log_level=None, verb_name='build', build_base='build', install_base='install', merge_install=False, symlink_install=False, test_result_base=None, continue_on_error=False, executor='parallel', parallel_workers=16, event_handlers=None, ignore_user_meta=False, metas=['./colcon.meta'], base_paths=['.'], packages_ignore=None, packages_ignore_regex=None, paths=None, packages_up_to=None, packages_up_to_regex=None, packages_above=None, packages_above_and_dependencies=None, packages_above_depth=None, packages_select_by_dep=None, packages_skip_by_dep=None, packages_skip_up_to=None, packages_select_build_failed=False, packages_skip_build_finished=False, packages_select_test_failures=False, packages_skip_test_passed=False, packages_select=None, packages_skip=None, packages_select_regex=None, packages_skip_regex=None, packages_start=None, packages_end=None, allow_overriding=[], cmake_args=None, cmake_target=None, cmake_target_skip_unavailable=False, cmake_clean_cache=False, cmake_clean_first=False, cmake_force_configure=False, ament_cmake_args=None, catkin_cmake_args=None, catkin_skip_building_tests=False, mixin_files=None, mixin=None, verb_parser=<colcon_mixin.mixin.mixin_argument.MixinArgumentDecorator object at 0x74f72bf57ca0>, verb_extension=<colcon_core.verb.build.BuildVerb object at 0x74f72bf154e0>, main=<bound method BuildVerb.main of <colcon_core.verb.build.BuildVerb object at 0x74f72bf154e0>>, mixin_verb=('build',))
[0.127s] Level 1:colcon.colcon_core.package_discovery:discover_packages(colcon_meta) check parameters
[0.127s] Level 1:colcon.colcon_core.package_discovery:discover_packages(recursive) check parameters
[0.127s] Level 1:colcon.colcon_core.package_discovery:discover_packages(ignore) check parameters
[0.127s] Level 1:colcon.colcon_core.package_discovery:discover_packages(path) check parameters
[0.127s] Level 1:colcon.colcon_core.package_discovery:discover_packages(colcon_meta) discover
[0.127s] Level 1:colcon.colcon_core.package_discovery:discover_packages(recursive) discover
[0.127s] INFO:colcon.colcon_core.package_discovery:Crawling recursively for packages in '/home/om/ardu_ws'
[0.128s] Level 1:colcon.colcon_core.package_identification:_identify(.) by extensions ['ignore', 'ignore_ament_install']
[0.128s] Level 1:colcon.colcon_core.package_identification:_identify(.) by extension 'ignore'
[0.128s] Level 1:colcon.colcon_core.package_identification:_identify(.) by extension 'ignore_ament_install'
[0.128s] Level 1:colcon.colcon_core.package_identification:_identify(.) by extensions ['colcon_pkg']
[0.128s] Level 1:colcon.colcon_core.package_identification:_identify(.) by extension 'colcon_pkg'
[0.128s] Level 1:colcon.colcon_core.package_identification:_identify(.) by extensions ['colcon_meta']
[0.128s] Level 1:colcon.colcon_core.package_identification:_identify(.) by extension 'colcon_meta'
[0.128s] Level 1:colcon.colcon_core.package_identification:_identify(.) by extensions ['ros']
[0.128s] Level 1:colcon.colcon_core.package_identification:_identify(.) by extension 'ros'
[0.139s] Level 1:colcon.colcon_core.package_identification:_identify(.) by extensions ['cmake', 'python']
[0.139s] Level 1:colcon.colcon_core.package_identification:_identify(.) by extension 'cmake'
[0.139s] Level 1:colcon.colcon_core.package_identification:_identify(.) by extension 'python'
[0.139s] Level 1:colcon.colcon_core.package_identification:_identify(.) by extensions ['python_setup_py']
[0.139s] Level 1:colcon.colcon_core.package_identification:_identify(.) by extension 'python_setup_py'
[0.140s] Level 1:colcon.colcon_core.package_identification:_identify(build) by extensions ['ignore', 'ignore_ament_install']
[0.140s] Level 1:colcon.colcon_core.package_identification:_identify(build) by extension 'ignore'
[0.140s] Level 1:colcon.colcon_core.package_identification:_identify(build) ignored
[0.140s] Level 1:colcon.colcon_core.package_identification:_identify(install) by extensions ['ignore', 'ignore_ament_install']
[0.140s] Level 1:colcon.colcon_core.package_identification:_identify(install) by extension 'ignore'
[0.140s] Level 1:colcon.colcon_core.package_identification:_identify(install) ignored
[0.140s] Level 1:colcon.colcon_core.package_identification:_identify(log) by extensions ['ignore', 'ignore_ament_install']
[0.140s] Level 1:colcon.colcon_core.package_identification:_identify(log) by extension 'ignore'
[0.140s] Level 1:colcon.colcon_core.package_identification:_identify(log) ignored
[0.140s] Level 1:colcon.colcon_core.package_identification:_identify(src) by extensions ['ignore', 'ignore_ament_install']
[0.140s] Level 1:colcon.colcon_core.package_identification:_identify(src) by extension 'ignore'
[0.140s] Level 1:colcon.colcon_core.package_identification:_identify(src) by extension 'ignore_ament_install'
[0.140s] Level 1:colcon.colcon_core.package_identification:_identify(src) by extensions ['colcon_pkg']
[0.140s] Level 1:colcon.colcon_core.package_identification:_identify(src) by extension 'colcon_pkg'
[0.140s] Level 1:colcon.colcon_core.package_identification:_identify(src) by extensions ['colcon_meta']
[0.140s] Level 1:colcon.colcon_core.package_identification:_identify(src) by extension 'colcon_meta'
[0.140s] Level 1:colcon.colcon_core.package_identification:_identify(src) by extensions ['ros']
[0.141s] Level 1:colcon.colcon_core.package_identification:_identify(src) by extension 'ros'
[0.141s] Level 1:colcon.colcon_core.package_identification:_identify(src) by extensions ['cmake', 'python']
[0.141s] Level 1:colcon.colcon_core.package_identification:_identify(src) by extension 'cmake'
[0.141s] Level 1:colcon.colcon_core.package_identification:_identify(src) by extension 'python'
[0.141s] Level 1:colcon.colcon_core.package_identification:_identify(src) by extensions ['python_setup_py']
[0.141s] Level 1:colcon.colcon_core.package_identification:_identify(src) by extension 'python_setup_py'
[0.141s] Level 1:colcon.colcon_core.package_identification:_identify(src/opencv) by extensions ['ignore', 'ignore_ament_install']
[0.141s] Level 1:colcon.colcon_core.package_identification:_identify(src/opencv) by extension 'ignore'
[0.141s] Level 1:colcon.colcon_core.package_identification:_identify(src/opencv) by extension 'ignore_ament_install'
[0.141s] Level 1:colcon.colcon_core.package_identification:_identify(src/opencv) by extensions ['colcon_pkg']
[0.141s] Level 1:colcon.colcon_core.package_identification:_identify(src/opencv) by extension 'colcon_pkg'
[0.141s] Level 1:colcon.colcon_core.package_identification:_identify(src/opencv) by extensions ['colcon_meta']
[0.141s] Level 1:colcon.colcon_core.package_identification:_identify(src/opencv) by extension 'colcon_meta'
[0.141s] Level 1:colcon.colcon_core.package_identification:_identify(src/opencv) by extensions ['ros']
[0.141s] Level 1:colcon.colcon_core.package_identification:_identify(src/opencv) by extension 'ros'
[0.143s] DEBUG:colcon.colcon_core.package_identification:Package 'src/opencv' with type 'ros.ament_cmake' and name 'opencv'
[0.143s] Level 1:colcon.colcon_core.package_discovery:discover_packages(recursive) using defaults
[0.143s] Level 1:colcon.colcon_core.package_discovery:discover_packages(ignore) discover
[0.143s] Level 1:colcon.colcon_core.package_discovery:discover_packages(ignore) using defaults
[0.143s] Level 1:colcon.colcon_core.package_discovery:discover_packages(path) discover
[0.143s] Level 1:colcon.colcon_core.package_discovery:discover_packages(path) using defaults
[0.158s] Level 1:colcon.colcon_core.package_discovery:discover_packages(prefix_path) check parameters
[0.158s] Level 1:colcon.colcon_core.package_discovery:discover_packages(prefix_path) discover
[0.161s] DEBUG:colcon.colcon_installed_package_information.package_discovery:Found 1 installed packages in /home/om/ardu_ws/install
[0.161s] DEBUG:colcon.colcon_installed_package_information.package_discovery:Found 3 installed packages in /home/om/ws_moveit2/install
[0.163s] DEBUG:colcon.colcon_installed_package_information.package_discovery:Found 381 installed packages in /opt/ros/humble
[0.164s] Level 1:colcon.colcon_core.package_discovery:discover_packages(prefix_path) using defaults
[0.202s] Level 5:colcon.colcon_core.verb:set package 'opencv' build argument 'cmake_args' from command line to 'None'
[0.202s] Level 5:colcon.colcon_core.verb:set package 'opencv' build argument 'cmake_target' from command line to 'None'
[0.202s] Level 5:colcon.colcon_core.verb:set package 'opencv' build argument 'cmake_target_skip_unavailable' from command line to 'False'
[0.202s] Level 5:colcon.colcon_core.verb:set package 'opencv' build argument 'cmake_clean_cache' from command line to 'False'
[0.202s] Level 5:colcon.colcon_core.verb:set package 'opencv' build argument 'cmake_clean_first' from command line to 'False'
[0.202s] Level 5:colcon.colcon_core.verb:set package 'opencv' build argument 'cmake_force_configure' from command line to 'False'
[0.202s] Level 5:colcon.colcon_core.verb:set package 'opencv' build argument 'ament_cmake_args' from command line to 'None'
[0.202s] Level 5:colcon.colcon_core.verb:set package 'opencv' build argument 'catkin_cmake_args' from command line to 'None'
[0.202s] Level 5:colcon.colcon_core.verb:set package 'opencv' build argument 'catkin_skip_building_tests' from command line to 'False'
[0.202s] DEBUG:colcon.colcon_core.verb:Building package 'opencv' with the following arguments: {'ament_cmake_args': None, 'build_base': '/home/om/ardu_ws/build/opencv', 'catkin_cmake_args': None, 'catkin_skip_building_tests': False, 'cmake_args': None, 'cmake_clean_cache': False, 'cmake_clean_first': False, 'cmake_force_configure': False, 'cmake_target': None, 'cmake_target_skip_unavailable': False, 'install_base': '/home/om/ardu_ws/install/opencv', 'merge_install': False, 'path': '/home/om/ardu_ws/src/opencv', 'symlink_install': False, 'test_result_base': None}
[0.202s] INFO:colcon.colcon_core.executor:Executing jobs using 'parallel' executor
[0.203s] DEBUG:colcon.colcon_parallel_executor.executor.parallel:run_until_complete
[0.203s] INFO:colcon.colcon_ros.task.ament_cmake.build:Building ROS package in '/home/om/ardu_ws/src/opencv' with build type 'ament_cmake'
[0.203s] INFO:colcon.colcon_cmake.task.cmake.build:Building CMake package in '/home/om/ardu_ws/src/opencv'
[0.205s] INFO:colcon.colcon_core.plugin_system:Skipping extension 'colcon_core.shell.bat': Not used on non-Windows systems
[0.205s] INFO:colcon.colcon_core.shell:Skip shell extension 'powershell' for command environment: Not usable outside of PowerShell
[0.205s] DEBUG:colcon.colcon_core.shell:Skip shell extension 'dsv' for command environment
[0.214s] DEBUG:colcon.colcon_core.event_handler.log_command:Invoking command in '/home/om/ardu_ws/build/opencv': CMAKE_PREFIX_PATH=${CMAKE_PREFIX_PATH}:/home/om/ws_moveit2/install/sdformat_tools:/opt/ros/humble /usr/bin/cmake --build /home/om/ardu_ws/build/opencv -- -j16 -l16
[5.889s] DEBUG:colcon.colcon_core.event_handler.log_command:Invoked command in '/home/om/ardu_ws/build/opencv' returned '0': CMAKE_PREFIX_PATH=${CMAKE_PREFIX_PATH}:/home/om/ws_moveit2/install/sdformat_tools:/opt/ros/humble /usr/bin/cmake --build /home/om/ardu_ws/build/opencv -- -j16 -l16
[5.897s] DEBUG:colcon.colcon_core.event_handler.log_command:Invoking command in '/home/om/ardu_ws/build/opencv': CMAKE_PREFIX_PATH=${CMAKE_PREFIX_PATH}:/home/om/ws_moveit2/install/sdformat_tools:/opt/ros/humble /usr/bin/cmake --install /home/om/ardu_ws/build/opencv
[5.906s] Level 1:colcon.colcon_core.environment:create_environment_scripts_only(opencv)
[5.906s] DEBUG:colcon.colcon_core.event_handler.log_command:Invoked command in '/home/om/ardu_ws/build/opencv' returned '0': CMAKE_PREFIX_PATH=${CMAKE_PREFIX_PATH}:/home/om/ws_moveit2/install/sdformat_tools:/opt/ros/humble /usr/bin/cmake --install /home/om/ardu_ws/build/opencv
[5.908s] Level 1:colcon.colcon_core.environment:checking '/home/om/ardu_ws/install/opencv' for CMake module files
[5.908s] Level 1:colcon.colcon_core.environment:checking '/home/om/ardu_ws/install/opencv' for CMake config files
[5.909s] Level 1:colcon.colcon_core.shell:create_environment_hook('opencv', 'cmake_prefix_path')
[5.909s] INFO:colcon.colcon_core.shell:Creating environment hook '/home/om/ardu_ws/install/opencv/share/opencv/hook/cmake_prefix_path.ps1'
[5.909s] INFO:colcon.colcon_core.shell:Creating environment descriptor '/home/om/ardu_ws/install/opencv/share/opencv/hook/cmake_prefix_path.dsv'
[5.910s] INFO:colcon.colcon_core.shell:Creating environment hook '/home/om/ardu_ws/install/opencv/share/opencv/hook/cmake_prefix_path.sh'
[5.910s] Level 1:colcon.colcon_core.environment:checking '/home/om/ardu_ws/install/opencv/lib'
[5.910s] Level 1:colcon.colcon_core.environment:checking '/home/om/ardu_ws/install/opencv/bin'
[5.910s] Level 1:colcon.colcon_core.environment:checking '/home/om/ardu_ws/install/opencv/lib/pkgconfig/opencv.pc'
[5.911s] Level 1:colcon.colcon_core.environment:checking '/home/om/ardu_ws/install/opencv/lib/python3.10/site-packages'
[5.911s] Level 1:colcon.colcon_core.environment:checking '/home/om/ardu_ws/install/opencv/bin'
[5.911s] INFO:colcon.colcon_core.shell:Creating package script '/home/om/ardu_ws/install/opencv/share/opencv/package.ps1'
[5.911s] INFO:colcon.colcon_core.shell:Creating package descriptor '/home/om/ardu_ws/install/opencv/share/opencv/package.dsv'
[5.912s] INFO:colcon.colcon_core.shell:Creating package script '/home/om/ardu_ws/install/opencv/share/opencv/package.sh'
[5.912s] INFO:colcon.colcon_core.shell:Creating package script '/home/om/ardu_ws/install/opencv/share/opencv/package.bash'
[5.913s] INFO:colcon.colcon_core.shell:Creating package script '/home/om/ardu_ws/install/opencv/share/opencv/package.zsh'
[5.913s] Level 1:colcon.colcon_core.environment:create_file_with_runtime_dependencies(/home/om/ardu_ws/install/opencv/share/colcon-core/packages/opencv)
[5.914s] Level 1:colcon.colcon_core.environment:create_environment_scripts_only(opencv)
[5.914s] Level 1:colcon.colcon_core.environment:checking '/home/om/ardu_ws/install/opencv' for CMake module files
[5.915s] Level 1:colcon.colcon_core.environment:checking '/home/om/ardu_ws/install/opencv' for CMake config files
[5.915s] Level 1:colcon.colcon_core.shell:create_environment_hook('opencv', 'cmake_prefix_path')
[5.915s] INFO:colcon.colcon_core.shell:Creating environment hook '/home/om/ardu_ws/install/opencv/share/opencv/hook/cmake_prefix_path.ps1'
[5.915s] INFO:colcon.colcon_core.shell:Creating environment descriptor '/home/om/ardu_ws/install/opencv/share/opencv/hook/cmake_prefix_path.dsv'
[5.916s] INFO:colcon.colcon_core.shell:Creating environment hook '/home/om/ardu_ws/install/opencv/share/opencv/hook/cmake_prefix_path.sh'
[5.916s] Level 1:colcon.colcon_core.environment:checking '/home/om/ardu_ws/install/opencv/lib'
[5.916s] Level 1:colcon.colcon_core.environment:checking '/home/om/ardu_ws/install/opencv/bin'
[5.916s] Level 1:colcon.colcon_core.environment:checking '/home/om/ardu_ws/install/opencv/lib/pkgconfig/opencv.pc'
[5.916s] Level 1:colcon.colcon_core.environment:checking '/home/om/ardu_ws/install/opencv/lib/python3.10/site-packages'
[5.917s] Level 1:colcon.colcon_core.environment:checking '/home/om/ardu_ws/install/opencv/bin'
[5.917s] INFO:colcon.colcon_core.shell:Creating package script '/home/om/ardu_ws/install/opencv/share/opencv/package.ps1'
[5.917s] INFO:colcon.colcon_core.shell:Creating package descriptor '/home/om/ardu_ws/install/opencv/share/opencv/package.dsv'
[5.918s] INFO:colcon.colcon_core.shell:Creating package script '/home/om/ardu_ws/install/opencv/share/opencv/package.sh'
[5.918s] INFO:colcon.colcon_core.shell:Creating package script '/home/om/ardu_ws/install/opencv/share/opencv/package.bash'
[5.918s] INFO:colcon.colcon_core.shell:Creating package script '/home/om/ardu_ws/install/opencv/share/opencv/package.zsh'
[5.919s] Level 1:colcon.colcon_core.environment:create_file_with_runtime_dependencies(/home/om/ardu_ws/install/opencv/share/colcon-core/packages/opencv)
[5.919s] DEBUG:colcon.colcon_parallel_executor.executor.parallel:closing loop
[5.919s] DEBUG:colcon.colcon_parallel_executor.executor.parallel:loop closed
[5.919s] DEBUG:colcon.colcon_parallel_executor.executor.parallel:run_until_complete finished with '0'
[5.919s] DEBUG:colcon.colcon_core.event_reactor:joining thread
[5.924s] INFO:colcon.colcon_core.plugin_system:Skipping extension 'colcon_notification.desktop_notification.terminal_notifier': Not used on non-Darwin systems
[5.924s] INFO:colcon.colcon_core.plugin_system:Skipping extension 'colcon_notification.desktop_notification.win32': Not used on non-Windows systems
[5.924s] INFO:colcon.colcon_notification.desktop_notification:Sending desktop notification using 'notify2'
[5.939s] DEBUG:colcon.colcon_core.event_reactor:joined thread
[5.939s] INFO:colcon.colcon_core.shell:Creating prefix script '/home/om/ardu_ws/install/local_setup.ps1'
[5.940s] INFO:colcon.colcon_core.shell:Creating prefix util module '/home/om/ardu_ws/install/_local_setup_util_ps1.py'
[5.941s] INFO:colcon.colcon_core.shell:Creating prefix chain script '/home/om/ardu_ws/install/setup.ps1'
[5.942s] INFO:colcon.colcon_core.shell:Creating prefix script '/home/om/ardu_ws/install/local_setup.sh'
[5.942s] INFO:colcon.colcon_core.shell:Creating prefix util module '/home/om/ardu_ws/install/_local_setup_util_sh.py'
[5.943s] INFO:colcon.colcon_core.shell:Creating prefix chain script '/home/om/ardu_ws/install/setup.sh'
[5.943s] INFO:colcon.colcon_core.shell:Creating prefix script '/home/om/ardu_ws/install/local_setup.bash'
[5.944s] INFO:colcon.colcon_core.shell:Creating prefix chain script '/home/om/ardu_ws/install/setup.bash'
[5.953s] INFO:colcon.colcon_core.shell:Creating prefix script '/home/om/ardu_ws/install/local_setup.zsh'
[5.954s] INFO:colcon.colcon_core.shell:Creating prefix chain script '/home/om/ardu_ws/install/setup.zsh'
